# JRE version: OpenJDK Runtime Environment (11.0.8+10) (build 11.0.8+10-b944.6842174)
# Java VM: OpenJDK 64-Bit Server VM (11.0.8+10-b944.6842174, mixed mode, tiered, compressed oops, g1 gc, windows-amd64)
Heap:
 garbage-first heap   total 877568K, used 189306K [0x0000000080000000, 0x0000000100000000)
  region size 1024K, 2 young (2048K), 2 survivors (2048K)
 Metaspace       used 109371K, capacity 111987K, committed 112768K, reserved 1146880K
  class space    used 14179K, capacity 15157K, committed 15488K, reserved 1048576K
GC Heap History (20 events):
Event: 43.275 GC heap after
{Heap after GC invocations=37 (full 0):
 garbage-first heap   total 164864K, used 138157K [0x0000000080000000, 0x0000000100000000)
  region size 1024K, 1 young (1024K), 1 survivors (1024K)
 Metaspace       used 109002K, capacity 111637K, committed 112256K, reserved 1146880K
  class space    used 14176K, capacity 15162K, committed 15488K, reserved 1048576K
}
Event: 43.387 GC heap before
{Heap before GC invocations=38 (full 0):
 garbage-first heap   total 164864K, used 145325K [0x0000000080000000, 0x0000000100000000)
  region size 1024K, 8 young (8192K), 1 survivors (1024K)
 Metaspace       used 109031K, capacity 111637K, committed 112256K, reserved 1146880K
  class space    used 14176K, capacity 15162K, committed 15488K, reserved 1048576K
}
Event: 43.396 GC heap after
{Heap after GC invocations=39 (full 0):
 garbage-first heap   total 164864K, used 142501K [0x0000000080000000, 0x0000000100000000)
  region size 1024K, 1 young (1024K), 1 survivors (1024K)
 Metaspace       used 109031K, capacity 111637K, committed 112256K, reserved 1146880K
  class space    used 14176K, capacity 15162K, committed 15488K, reserved 1048576K
}
Event: 43.466 GC heap before
{Heap before GC invocations=39 (full 0):
 garbage-first heap   total 164864K, used 148645K [0x0000000080000000, 0x0000000100000000)
  region size 1024K, 8 young (8192K), 1 survivors (1024K)
 Metaspace       used 109085K, capacity 111707K, committed 112512K, reserved 1146880K
  class space    used 14176K, capacity 15162K, committed 15488K, reserved 1048576K
}
Event: 43.477 GC heap after
{Heap after GC invocations=40 (full 0):
 garbage-first heap   total 198656K, used 136043K [0x0000000080000000, 0x0000000100000000)
  region size 1024K, 1 young (1024K), 1 survivors (1024K)
 Metaspace       used 109085K, capacity 111707K, committed 112512K, reserved 1146880K
  class space    used 14176K, capacity 15162K, committed 15488K, reserved 1048576K
}
Event: 43.604 GC heap before
{Heap before GC invocations=40 (full 0):
 garbage-first heap   total 198656K, used 151403K [0x0000000080000000, 0x0000000100000000)
  region size 1024K, 17 young (17408K), 1 survivors (1024K)
 Metaspace       used 109106K, capacity 111709K, committed 112512K, reserved 1146880K
  class space    used 14176K, capacity 15162K, committed 15488K, reserved 1048576K
}
Event: 43.617 GC heap after
{Heap after GC invocations=41 (full 0):
 garbage-first heap   total 198656K, used 146008K [0x0000000080000000, 0x0000000100000000)
  region size 1024K, 3 young (3072K), 3 survivors (3072K)
 Metaspace       used 109106K, capacity 111709K, committed 112512K, reserved 1146880K
  class space    used 14176K, capacity 15162K, committed 15488K, reserved 1048576K
}
Event: 43.746 GC heap before
{Heap before GC invocations=41 (full 0):
 garbage-first heap   total 198656K, used 159320K [0x0000000080000000, 0x0000000100000000)
  region size 1024K, 16 young (16384K), 3 survivors (3072K)
 Metaspace       used 109110K, capacity 111709K, committed 112512K, reserved 1146880K
  class space    used 14176K, capacity 15162K, committed 15488K, reserved 1048576K
}
Event: 43.758 GC heap after
{Heap after GC invocations=42 (full 0):
 garbage-first heap   total 198656K, used 154277K [0x0000000080000000, 0x0000000100000000)
  region size 1024K, 2 young (2048K), 2 survivors (2048K)
 Metaspace       used 109110K, capacity 111709K, committed 112512K, reserved 1146880K
  class space    used 14176K, capacity 15162K, committed 15488K, reserved 1048576K
}
Event: 43.852 GC heap before
{Heap before GC invocations=42 (full 0):
 garbage-first heap   total 198656K, used 165541K [0x0000000080000000, 0x0000000100000000)
  region size 1024K, 11 young (11264K), 2 survivors (2048K)
 Metaspace       used 109113K, capacity 111710K, committed 112512K, reserved 1146880K
  class space    used 14176K, capacity 15162K, committed 15488K, reserved 1048576K
}
Event: 43.860 GC heap after
{Heap after GC invocations=43 (full 0):
 garbage-first heap   total 198656K, used 162758K [0x0000000080000000, 0x0000000100000000)
  region size 1024K, 2 young (2048K), 2 survivors (2048K)
 Metaspace       used 109113K, capacity 111710K, committed 112512K, reserved 1146880K
  class space    used 14176K, capacity 15162K, committed 15488K, reserved 1048576K
}
Event: 43.992 GC heap before
{Heap before GC invocations=43 (full 0):
 garbage-first heap   total 198656K, used 168902K [0x0000000080000000, 0x0000000100000000)
  region size 1024K, 9 young (9216K), 2 survivors (2048K)
 Metaspace       used 109193K, capacity 111748K, committed 112512K, reserved 1146880K
  class space    used 14172K, capacity 15147K, committed 15488K, reserved 1048576K
}
Event: 44.013 GC heap after
{Heap after GC invocations=44 (full 0):
 garbage-first heap   total 312320K, used 165792K [0x0000000080000000, 0x0000000100000000)
  region size 1024K, 2 young (2048K), 2 survivors (2048K)
 Metaspace       used 109193K, capacity 111748K, committed 112512K, reserved 1146880K
  class space    used 14172K, capacity 15147K, committed 15488K, reserved 1048576K
}
Event: 44.695 GC heap before
{Heap before GC invocations=45 (full 0):
 garbage-first heap   total 312320K, used 206752K [0x0000000080000000, 0x0000000100000000)
  region size 1024K, 43 young (44032K), 2 survivors (2048K)
 Metaspace       used 109296K, capacity 111897K, committed 112512K, reserved 1146880K
  class space    used 14175K, capacity 15151K, committed 15488K, reserved 1048576K
}
Event: 44.804 GC heap after
{Heap after GC invocations=46 (full 0):
 garbage-first heap   total 312320K, used 177314K [0x0000000080000000, 0x0000000100000000)
  region size 1024K, 6 young (6144K), 6 survivors (6144K)
 Metaspace       used 109296K, capacity 111897K, committed 112512K, reserved 1146880K
  class space    used 14175K, capacity 15151K, committed 15488K, reserved 1048576K
}
Event: 44.827 GC heap before
{Heap before GC invocations=46 (full 0):
 garbage-first heap   total 312320K, used 178338K [0x0000000080000000, 0x0000000100000000)
  region size 1024K, 8 young (8192K), 6 survivors (6144K)
 Metaspace       used 109296K, capacity 111897K, committed 112512K, reserved 1146880K
  class space    used 14175K, capacity 15151K, committed 15488K, reserved 1048576K
}
Event: 44.873 GC heap after
{Heap after GC invocations=47 (full 0):
 garbage-first heap   total 312320K, used 178854K [0x0000000080000000, 0x0000000100000000)
  region size 1024K, 1 young (1024K), 1 survivors (1024K)
 Metaspace       used 109296K, capacity 111897K, committed 112512K, reserved 1146880K
  class space    used 14175K, capacity 15151K, committed 15488K, reserved 1048576K
}
Event: 46.390 GC heap before
{Heap before GC invocations=48 (full 0):
 garbage-first heap   total 312320K, used 218790K [0x0000000080000000, 0x0000000100000000)
  region size 1024K, 36 young (36864K), 1 survivors (1024K)
 Metaspace       used 109371K, capacity 111987K, committed 112768K, reserved 1146880K
  class space    used 14179K, capacity 15157K, committed 15488K, reserved 1048576K
}
Event: 46.403 GC heap after
{Heap after GC invocations=49 (full 0):
 garbage-first heap   total 312320K, used 188970K [0x0000000080000000, 0x0000000100000000)
  region size 1024K, 5 young (5120K), 5 survivors (5120K)
 Metaspace       used 109371K, capacity 111987K, committed 112768K, reserved 1146880K
  class space    used 14179K, capacity 15157K, committed 15488K, reserved 1048576K
}
Event: 46.461 GC heap before
{Heap before GC invocations=49 (full 0):
 garbage-first heap   total 312320K, used 200234K [0x0000000080000000, 0x0000000100000000)
  region size 1024K, 15 young (15360K), 5 survivors (5120K)
 Metaspace       used 109371K, capacity 111987K, committed 112768K, reserved 1146880K
  class space    used 14179K, capacity 15157K, committed 15488K, reserved 1048576K
}

